[2024-04-08 00:02:21] INFO root fetch - main [MainThread]: Get Changelog since Serial: [22659690]
[2024-04-08 00:02:25] INFO root fetch - main [MainThread]: No changed packages found
[2024-04-08 00:04:26] INFO root fetch - main [MainThread]: Get Changelog since Serial: [22659718]
[2024-04-08 00:04:31] INFO root fetch - main [MainThread]: No changed packages found
[2024-04-08 00:06:33] INFO root fetch - main [MainThread]: Get Changelog since Serial: [22659718]
[2024-04-08 00:06:38] INFO root fetch - main [MainThread]: Found 1 changed packages
[2024-04-08 00:06:38] INFO root fetch - processPackages [ThreadPoolExecutor-0_0]: Start processing: pyunitconverter
[2024-04-08 00:06:38] WARNING root fetch - processPackages [pyunitconverter]: Skipping, unable to determine old version
[2024-04-08 00:06:38] INFO root fetch - main [MainThread]: End processing [pyunitconverter] error
[2024-04-08 00:06:38] INFO root fetch - main [MainThread]: Store serial: [22659721]
[2024-04-08 00:08:41] INFO root fetch - main [MainThread]: Get Changelog since Serial: [22659721]
[2024-04-08 00:08:46] INFO root fetch - main [MainThread]: Found 3 changed packages
[2024-04-08 00:08:46] INFO root fetch - processPackages [ThreadPoolExecutor-0_0]: Start processing: financial-datasets
[2024-04-08 00:08:46] INFO root fetch - processPackages [ThreadPoolExecutor-0_1]: Start processing: gpx-vis
[2024-04-08 00:08:46] INFO root fetch - processPackages [ThreadPoolExecutor-0_2]: Start processing: owmpy
[2024-04-08 00:08:46] INFO root fetch - processPackages [owmpy]: New version: [1.0.0] Old Version: [0.4.1]
[2024-04-08 00:08:46] INFO root fetch - processPackages [owmpy]: Downloading https://files.pythonhosted.org/packages/1a/dc/28f7b288166ede800fc6c31575baa19e5f7c5567d0c4df72b6fd34fc7dd8/owmpy-0.4.1.tar.gz
[2024-04-08 00:08:46] INFO root fetch - processPackages [financial-datasets]: New version: [0.1.4] Old Version: [0.1.3]
[2024-04-08 00:08:46] INFO root fetch - processPackages [gpx-vis]: New version: [0.3.0] Old Version: [0.2.0]
[2024-04-08 00:08:46] WARNING root fetch - processPackages [owmpy]: Timeout reached during download
[2024-04-08 00:08:46] INFO root fetch - processPackages [gpx-vis]: Downloading https://files.pythonhosted.org/packages/fc/72/15d92b3f9f4273959168d2e574b682bdde0e908d3231d86f3dba52b39c0d/gpx_vis-0.2.0.tar.gz
[2024-04-08 00:08:46] INFO root fetch - processPackages [financial-datasets]: Downloading https://files.pythonhosted.org/packages/8f/cc/2e91e7699af320aac34fd1e1716b84229f5ac451d3e53d5a550dd4cf7af3/financial_datasets-0.1.3.tar.gz
[2024-04-08 00:08:46] INFO root fetch - processPackages [owmpy]: Downloading https://files.pythonhosted.org/packages/5d/72/515d493085530bc4b48ee88d8b5d2ae54ca4cc09ea7d6a6df62351c8bebe/owmpy-1.0.0.tar.gz
[2024-04-08 00:08:46] WARNING root fetch - processPackages [gpx-vis]: Timeout reached during download
[2024-04-08 00:08:46] WARNING root fetch - processPackages [financial-datasets]: Timeout reached during download
[2024-04-08 00:08:46] WARNING root fetch - processPackages [owmpy]: Timeout reached during download
[2024-04-08 00:08:46] INFO root fetch - processPackages [owmpy]: executing diffoscope
[2024-04-08 00:08:46] INFO root fetch - processPackages [owmpy]: podman run --user 0:0 --rm -w /home/abi/fetcher -v /home/abi/fetcher/tmp:/home/abi/fetcher/tmp:ro -v /home/abi/fetcher/20240408:/home/abi/fetcher/20240408:rw registry.salsa.debian.org/reproducible-builds/diffoscope --no-progress tmp/owmpy-0.4.1.tar.gz tmp/owmpy-1.0.0.tar.gz --markdown 20240408/o/owmpy/0.4.1-1.0.0/diff.md --exclude *.pyd
[2024-04-08 00:08:47] INFO root fetch - processPackages [gpx-vis]: Downloading https://files.pythonhosted.org/packages/58/67/37f758ef9e92087c384f6b877342bfe43f7854cb1cd798b71dc6c8508833/gpx_vis-0.3.0.tar.gz
[2024-04-08 00:08:47] WARNING root fetch - processPackages [gpx-vis]: Timeout reached during download
[2024-04-08 00:08:47] INFO root fetch - processPackages [gpx-vis]: executing diffoscope
[2024-04-08 00:08:47] INFO root fetch - processPackages [gpx-vis]: podman run --user 0:0 --rm -w /home/abi/fetcher -v /home/abi/fetcher/tmp:/home/abi/fetcher/tmp:ro -v /home/abi/fetcher/20240408:/home/abi/fetcher/20240408:rw registry.salsa.debian.org/reproducible-builds/diffoscope --no-progress tmp/gpx_vis-0.2.0.tar.gz tmp/gpx_vis-0.3.0.tar.gz --markdown 20240408/g/gpx-vis/0.2.0-0.3.0/diff.md --exclude *.pyd
[2024-04-08 00:08:47] INFO root fetch - processPackages [financial-datasets]: Downloading https://files.pythonhosted.org/packages/57/4b/3e60638d8514005ab39370249cbc6e5e2de82882c655560c3529db758610/financial_datasets-0.1.4.tar.gz
[2024-04-08 00:08:47] WARNING root fetch - processPackages [financial-datasets]: Timeout reached during download
[2024-04-08 00:08:47] INFO root fetch - processPackages [financial-datasets]: executing diffoscope
[2024-04-08 00:08:47] INFO root fetch - processPackages [financial-datasets]: podman run --user 0:0 --rm -w /home/abi/fetcher -v /home/abi/fetcher/tmp:/home/abi/fetcher/tmp:ro -v /home/abi/fetcher/20240408:/home/abi/fetcher/20240408:rw registry.salsa.debian.org/reproducible-builds/diffoscope --no-progress tmp/financial_datasets-0.1.3.tar.gz tmp/financial_datasets-0.1.4.tar.gz --markdown 20240408/f/financial-datasets/0.1.3-0.1.4/diff.md --exclude *.pyd
[2024-04-08 00:08:47] INFO root fetch - processPackages [owmpy]: Remove: archive file [/home/abi/fetcher/tmp/owmpy-0.4.1.tar.gz]
[2024-04-08 00:08:47] INFO root fetch - processPackages [owmpy]: Remove: archive file [/home/abi/fetcher/tmp/owmpy-1.0.0.tar.gz]
[2024-04-08 00:08:47] INFO root fetch - main [MainThread]: End processing [owmpy]: success
[2024-04-08 00:08:47] INFO root fetch - processPackages [gpx-vis]: Remove: archive file [/home/abi/fetcher/tmp/gpx_vis-0.2.0.tar.gz]
[2024-04-08 00:08:47] INFO root fetch - processPackages [gpx-vis]: Remove: archive file [/home/abi/fetcher/tmp/gpx_vis-0.3.0.tar.gz]
[2024-04-08 00:08:47] INFO root fetch - main [MainThread]: End processing [gpx-vis]: success
[2024-04-08 00:08:47] INFO root fetch - processPackages [financial-datasets]: Remove: archive file [/home/abi/fetcher/tmp/financial_datasets-0.1.3.tar.gz]
[2024-04-08 00:08:47] INFO root fetch - processPackages [financial-datasets]: Remove: archive file [/home/abi/fetcher/tmp/financial_datasets-0.1.4.tar.gz]
[2024-04-08 00:08:47] INFO root fetch - main [MainThread]: End processing [financial-datasets]: success
[2024-04-08 00:08:47] INFO root fetch - main [MainThread]: Store serial: [22659730]
[2024-04-08 00:10:51] INFO root fetch - main [MainThread]: Get Changelog since Serial: [22659730]
[2024-04-08 00:10:56] INFO root fetch - main [MainThread]: No changed packages found
[2024-04-08 00:12:56] INFO root fetch - main [MainThread]: Get Changelog since Serial: [22659730]
[2024-04-08 00:13:01] INFO root fetch - main [MainThread]: Found 3 changed packages
[2024-04-08 00:13:01] INFO root fetch - processPackages [ThreadPoolExecutor-0_0]: Start processing: aq-geometric
[2024-04-08 00:13:01] INFO root fetch - processPackages [ThreadPoolExecutor-0_1]: Start processing: aq-utilities
[2024-04-08 00:13:01] INFO root fetch - processPackages [ThreadPoolExecutor-0_2]: Start processing: betanegbinfit
[2024-04-08 00:13:01] INFO root fetch - processPackages [aq-utilities]: New version: [2024.4.6.1] Old Version: [2024.3.2.1]
[2024-04-08 00:13:01] INFO root fetch - processPackages [aq-geometric]: New version: [2024.4.6.1] Old Version: [2024.3.24.1]
[2024-04-08 00:13:02] INFO root fetch - processPackages [betanegbinfit]: New version: [1.9.9] Old Version: [1.9.8]
[2024-04-08 00:13:02] INFO root fetch - processPackages [aq-utilities]: Downloading https://files.pythonhosted.org/packages/98/bf/a028b2baa9d4be428974de355a77856f1b2835c425a632d6559dbcb9ea6f/aq_utilities-2024.3.2.1.tar.gz
[2024-04-08 00:13:02] INFO root fetch - processPackages [aq-geometric]: Downloading https://files.pythonhosted.org/packages/66/56/691fa6bae7cc8601adef474eb9fd04d25447a34636ea97f697d9f4ec4321/aq_geometric-2024.3.24.1.tar.gz
[2024-04-08 00:13:02] WARNING root fetch - processPackages [aq-utilities]: Timeout reached during download
[2024-04-08 00:13:02] WARNING root fetch - processPackages [aq-geometric]: Timeout reached during download
[2024-04-08 00:13:02] INFO root fetch - processPackages [betanegbinfit]: Downloading https://files.pythonhosted.org/packages/ae/be/7777503dcdfd60ea3bb21665fc8ec4fc71e73842a75cc076b07d6df4441f/betanegbinfit-1.9.8.tar.gz
[2024-04-08 00:13:02] INFO root fetch - processPackages [aq-utilities]: Downloading https://files.pythonhosted.org/packages/b6/7c/34289adb7480e92507b57e0aaf63dcd62c24f0aab5ec870afcb10af4be13/aq_utilities-2024.4.6.1.tar.gz
[2024-04-08 00:13:02] INFO root fetch - processPackages [aq-geometric]: Downloading https://files.pythonhosted.org/packages/e8/3a/361e91ac5e9c6f7d6d1f4fae3f93e8654e9e151e1853cbd03ee234b30c96/aq_geometric-2024.4.6.1.tar.gz
[2024-04-08 00:13:02] WARNING root fetch - processPackages [aq-utilities]: Timeout reached during download
[2024-04-08 00:13:02] INFO root fetch - processPackages [aq-utilities]: executing diffoscope
[2024-04-08 00:13:02] INFO root fetch - processPackages [aq-utilities]: podman run --user 0:0 --rm -w /home/abi/fetcher -v /home/abi/fetcher/tmp:/home/abi/fetcher/tmp:ro -v /home/abi/fetcher/20240408:/home/abi/fetcher/20240408:rw registry.salsa.debian.org/reproducible-builds/diffoscope --no-progress tmp/aq_utilities-2024.3.2.1.tar.gz tmp/aq_utilities-2024.4.6.1.tar.gz --markdown 20240408/a/aq-utilities/2024.3.2.1-2024.4.6.1/diff.md --exclude *.pyd
[2024-04-08 00:13:02] WARNING root fetch - processPackages [aq-geometric]: Timeout reached during download
[2024-04-08 00:13:02] INFO root fetch - processPackages [aq-geometric]: executing diffoscope
[2024-04-08 00:13:02] INFO root fetch - processPackages [aq-geometric]: podman run --user 0:0 --rm -w /home/abi/fetcher -v /home/abi/fetcher/tmp:/home/abi/fetcher/tmp:ro -v /home/abi/fetcher/20240408:/home/abi/fetcher/20240408:rw registry.salsa.debian.org/reproducible-builds/diffoscope --no-progress tmp/aq_geometric-2024.3.24.1.tar.gz tmp/aq_geometric-2024.4.6.1.tar.gz --markdown 20240408/a/aq-geometric/2024.3.24.1-2024.4.6.1/diff.md --exclude *.pyd
[2024-04-08 00:13:02] WARNING root fetch - processPackages [betanegbinfit]: Timeout reached during download
[2024-04-08 00:13:02] INFO root fetch - processPackages [betanegbinfit]: Downloading https://files.pythonhosted.org/packages/32/76/b4a428cd8ae5df71910c5feded2ad195f8b7754845cdadcec9915cbf5f8e/betanegbinfit-1.9.9.tar.gz
[2024-04-08 00:13:02] WARNING root fetch - processPackages [betanegbinfit]: Timeout reached during download
[2024-04-08 00:13:02] INFO root fetch - processPackages [betanegbinfit]: executing diffoscope
[2024-04-08 00:13:02] INFO root fetch - processPackages [betanegbinfit]: podman run --user 0:0 --rm -w /home/abi/fetcher -v /home/abi/fetcher/tmp:/home/abi/fetcher/tmp:ro -v /home/abi/fetcher/20240408:/home/abi/fetcher/20240408:rw registry.salsa.debian.org/reproducible-builds/diffoscope --no-progress tmp/betanegbinfit-1.9.8.tar.gz tmp/betanegbinfit-1.9.9.tar.gz --markdown 20240408/b/betanegbinfit/1.9.8-1.9.9/diff.md --exclude *.pyd
[2024-04-08 00:13:02] INFO root fetch - processPackages [aq-utilities]: Remove: archive file [/home/abi/fetcher/tmp/aq_utilities-2024.3.2.1.tar.gz]
[2024-04-08 00:13:02] INFO root fetch - processPackages [aq-utilities]: Remove: archive file [/home/abi/fetcher/tmp/aq_utilities-2024.4.6.1.tar.gz]
[2024-04-08 00:13:02] INFO root fetch - main [MainThread]: End processing [aq-utilities]: success
[2024-04-08 00:13:03] INFO root fetch - processPackages [aq-geometric]: Remove: archive file [/home/abi/fetcher/tmp/aq_geometric-2024.3.24.1.tar.gz]
[2024-04-08 00:13:03] INFO root fetch - processPackages [aq-geometric]: Remove: archive file [/home/abi/fetcher/tmp/aq_geometric-2024.4.6.1.tar.gz]
[2024-04-08 00:13:03] INFO root fetch - main [MainThread]: End processing [aq-geometric]: success
[2024-04-08 00:13:03] INFO root fetch - processPackages [betanegbinfit]: Remove: archive file [/home/abi/fetcher/tmp/betanegbinfit-1.9.8.tar.gz]
[2024-04-08 00:13:03] INFO root fetch - processPackages [betanegbinfit]: Remove: archive file [/home/abi/fetcher/tmp/betanegbinfit-1.9.9.tar.gz]
[2024-04-08 00:13:03] INFO root fetch - main [MainThread]: End processing [betanegbinfit]: success
[2024-04-08 00:13:03] INFO root fetch - main [MainThread]: Store serial: [22659738]
